TN:
SF:/home/dev/app/src/app.js
FN:1,(anonymous_1)
FN:31,configFn
FNF:2
FNH:2
FNDA:1,(anonymous_1)
FNDA:4,configFn
DA:1,1
DA:5,1
DA:13,1
DA:25,1
DA:29,1
DA:31,1
DA:34,4
DA:36,4
LF:8
LH:8
BRF:0
BRH:0
end_of_record
TN:
SF:/home/dev/app/src/detalle/controllers/detalle.controller.js
FN:3,(anonymous_1)
FN:13,Controller
FN:21,verCandidato
FNF:3
FNH:2
FNDA:1,(anonymous_1)
FNDA:1,Controller
FNDA:0,verCandidato
DA:3,1
DA:7,1
DA:11,1
DA:13,1
DA:15,1
DA:17,1
DA:19,1
DA:21,1
LF:8
LH:8
BRF:0
BRH:0
end_of_record
TN:
SF:/home/dev/app/src/home/controllers/home.controller.js
FN:1,(anonymous_1)
FN:11,Controller
FN:22,cargarDetalle
FNF:3
FNH:3
FNDA:1,(anonymous_1)
FNDA:3,Controller
FNDA:1,cargarDetalle
DA:1,1
DA:5,1
DA:9,1
DA:11,1
DA:13,3
DA:15,3
DA:20,3
DA:22,1
DA:24,1
LF:9
LH:9
BRF:0
BRH:0
end_of_record
TN:
SF:/home/dev/app/src/templates.js
FN:1,(anonymous_1)
FNF:1
FNH:1
FNDA:4,(anonymous_1)
DA:1,1
DA:4,4
DA:10,4
DA:18,4
LF:4
LH:4
BRF:0
BRH:0
end_of_record
