TN:
SF:/home/dev/app/src/app.js
FN:1,(anonymous_1)
FN:29,configFn
FNF:2
FNH:2
FNDA:1,(anonymous_1)
FNDA:2,configFn
DA:1,1
DA:5,1
DA:13,1
DA:25,1
DA:29,1
DA:32,2
DA:34,2
LF:7
LH:7
BRF:0
BRH:0
end_of_record
TN:
SF:/home/dev/app/src/home/controllers/home.controller.js
FN:1,(anonymous_1)
FN:9,Controller
FNF:2
FNH:2
FNDA:1,(anonymous_1)
FNDA:2,Controller
DA:1,1
DA:5,1
DA:9,1
DA:11,2
DA:13,2
LF:5
LH:5
BRF:0
BRH:0
end_of_record
TN:
SF:/home/dev/app/src/templates.js
FN:1,(anonymous_1)
FNF:1
FNH:1
FNDA:2,(anonymous_1)
DA:1,1
DA:4,2
DA:9,2
LF:3
LH:3
BRF:0
BRH:0
end_of_record
